<?xml version="1.0" encoding="UTF-8"?>
<!-- Generated by org.testng.reporters.JUnitReportReporter -->
<testsuite hostname="DESKTOP-F20JJN7" failures="0" tests="1" name="com.bridgelbaz.spotify.SpotifyApi" time="2.009" errors="0" timestamp="2022-07-01T09:39:55 IST" skipped="0">
  <testcase classname="com.bridgelbaz.spotify.SpotifyApi" name="searchForItem" time="2.009"/>
  <system-out/>
</testsuite> <!-- com.bridgelbaz.spotify.SpotifyApi -->
